<?xml version="1.0" encoding="UTF-8" ?>
<testsuite tests="8" failures="0" name="TestSuite" time="509.96" errors="0" skipped="0">
  <properties>
    <property name="java.runtime.name" value="Java(TM) SE Runtime Environment"/>
    <property name="sun.boot.library.path" value="C:\Program Files\Java\jre1.8.0_201\bin"/>
    <property name="java.vm.version" value="25.201-b09"/>
    <property name="java.vm.vendor" value="Oracle Corporation"/>
    <property name="java.vendor.url" value="http://java.oracle.com/"/>
    <property name="path.separator" value=";"/>
    <property name="java.vm.name" value="Java HotSpot(TM) 64-Bit Server VM"/>
    <property name="file.encoding.pkg" value="sun.io"/>
    <property name="user.script" value=""/>
    <property name="user.country" value="CN"/>
    <property name="sun.java.launcher" value="SUN_STANDARD"/>
    <property name="sun.os.patch.level" value="Service Pack 1"/>
    <property name="java.vm.specification.name" value="Java Virtual Machine Specification"/>
    <property name="user.dir" value="D:\selenium_test\baigolf"/>
    <property name="java.runtime.version" value="1.8.0_201-b09"/>
    <property name="java.awt.graphicsenv" value="sun.awt.Win32GraphicsEnvironment"/>
    <property name="basedir" value="D:\selenium_test\baigolf"/>
    <property name="java.endorsed.dirs" value="C:\Program Files\Java\jre1.8.0_201\lib\endorsed"/>
    <property name="os.arch" value="amd64"/>
    <property name="surefire.real.class.path" value="D:\selenium_test\baigolf\target\surefire\surefirebooter3548615768803608029.jar"/>
    <property name="java.io.tmpdir" value="C:\Users\admin\AppData\Local\Temp\"/>
    <property name="line.separator" value="
"/>
    <property name="java.vm.specification.vendor" value="Oracle Corporation"/>
    <property name="user.variant" value=""/>
    <property name="os.name" value="Windows 7"/>
    <property name="sun.jnu.encoding" value="GBK"/>
    <property name="java.library.path" value="C:\Program Files\Java\jre1.8.0_201\bin;C:\Windows\Sun\Java\bin;C:\Windows\system32;C:\Windows;C:/Program Files/Java/jre1.8.0_201/bin/server;C:/Program Files/Java/jre1.8.0_201/bin;C:/Program Files/Java/jre1.8.0_201/lib/amd64;C:\Program Files (x86)\Common Files\Oracle\Java\javapath;C:\Program Files (x86)\Intel\iCLS Client\;C:\Program Files\Intel\iCLS Client\;C:\Program Files (x86)\NVIDIA Corporation\PhysX\Common;C:\Windows\system32;C:\Windows;C:\Windows\System32\Wbem;C:\Windows\System32\WindowsPowerShell\v1.0\;C:\Program Files (x86)\Intel\OpenCL SDK\2.0\bin\x86;C:\Program Files (x86)\Intel\OpenCL SDK\2.0\bin\x64;C:\Program Files\Intel\Intel(R) Management Engine Components\DAL;C:\Program Files\Intel\Intel(R) Management Engine Components\IPT;C:\Program Files (x86)\Intel\Intel(R) Management Engine Components\DAL;C:\Program Files (x86)\Intel\Intel(R) Management Engine Components\IPT;D:\adb;C:\Program Files\Git\cmd;D:\apache-ant-1.10.5\bin;C:\Program Files\Java\jdk1.8.0_201\bin;C:\Program Files\Java\jdk1.8.0_201\jre\bin;;C:\Program Files\Docker Toolbox;C:\eclipse;;."/>
    <property name="surefire.test.class.path" value="D:\selenium_test\baigolf\target\test-classes;D:\selenium_test\baigolf\target\classes;D:\apache-maven-3.6.0\maven-repository\org\seleniumhq\selenium\selenium-java\3.14.0\selenium-java-3.14.0.jar;D:\apache-maven-3.6.0\maven-repository\org\seleniumhq\selenium\selenium-api\3.14.0\selenium-api-3.14.0.jar;D:\apache-maven-3.6.0\maven-repository\org\seleniumhq\selenium\selenium-chrome-driver\3.14.0\selenium-chrome-driver-3.14.0.jar;D:\apache-maven-3.6.0\maven-repository\org\seleniumhq\selenium\selenium-edge-driver\3.14.0\selenium-edge-driver-3.14.0.jar;D:\apache-maven-3.6.0\maven-repository\org\seleniumhq\selenium\selenium-firefox-driver\3.14.0\selenium-firefox-driver-3.14.0.jar;D:\apache-maven-3.6.0\maven-repository\org\seleniumhq\selenium\selenium-ie-driver\3.14.0\selenium-ie-driver-3.14.0.jar;D:\apache-maven-3.6.0\maven-repository\org\seleniumhq\selenium\selenium-opera-driver\3.14.0\selenium-opera-driver-3.14.0.jar;D:\apache-maven-3.6.0\maven-repository\org\seleniumhq\selenium\selenium-remote-driver\3.14.0\selenium-remote-driver-3.14.0.jar;D:\apache-maven-3.6.0\maven-repository\org\seleniumhq\selenium\selenium-safari-driver\3.14.0\selenium-safari-driver-3.14.0.jar;D:\apache-maven-3.6.0\maven-repository\org\seleniumhq\selenium\selenium-support\3.14.0\selenium-support-3.14.0.jar;D:\apache-maven-3.6.0\maven-repository\net\bytebuddy\byte-buddy\1.8.15\byte-buddy-1.8.15.jar;D:\apache-maven-3.6.0\maven-repository\org\apache\commons\commons-exec\1.3\commons-exec-1.3.jar;D:\apache-maven-3.6.0\maven-repository\commons-codec\commons-codec\1.10\commons-codec-1.10.jar;D:\apache-maven-3.6.0\maven-repository\commons-logging\commons-logging\1.2\commons-logging-1.2.jar;D:\apache-maven-3.6.0\maven-repository\com\google\guava\guava\25.0-jre\guava-25.0-jre.jar;D:\apache-maven-3.6.0\maven-repository\com\google\code\findbugs\jsr305\1.3.9\jsr305-1.3.9.jar;D:\apache-maven-3.6.0\maven-repository\org\checkerframework\checker-compat-qual\2.0.0\checker-compat-qual-2.0.0.jar;D:\apache-maven-3.6.0\maven-repository\com\google\errorprone\error_prone_annotations\2.1.3\error_prone_annotations-2.1.3.jar;D:\apache-maven-3.6.0\maven-repository\com\google\j2objc\j2objc-annotations\1.1\j2objc-annotations-1.1.jar;D:\apache-maven-3.6.0\maven-repository\org\codehaus\mojo\animal-sniffer-annotations\1.14\animal-sniffer-annotations-1.14.jar;D:\apache-maven-3.6.0\maven-repository\org\apache\httpcomponents\httpclient\4.5.5\httpclient-4.5.5.jar;D:\apache-maven-3.6.0\maven-repository\org\apache\httpcomponents\httpcore\4.4.9\httpcore-4.4.9.jar;D:\apache-maven-3.6.0\maven-repository\com\squareup\okhttp3\okhttp\3.10.0\okhttp-3.10.0.jar;D:\apache-maven-3.6.0\maven-repository\com\squareup\okio\okio\1.14.1\okio-1.14.1.jar;D:\apache-maven-3.6.0\maven-repository\org\testng\testng\6.9.10\testng-6.9.10.jar;D:\apache-maven-3.6.0\maven-repository\com\beust\jcommander\1.48\jcommander-1.48.jar;D:\apache-maven-3.6.0\maven-repository\org\beanshell\bsh\2.0b4\bsh-2.0b4.jar;D:\apache-maven-3.6.0\maven-repository\org\uncommons\reportng\1.1.4\reportng-1.1.4.jar;D:\apache-maven-3.6.0\maven-repository\velocity\velocity\1.4\velocity-1.4.jar;D:\apache-maven-3.6.0\maven-repository\velocity\velocity-dep\1.4\velocity-dep-1.4.jar;D:\apache-maven-3.6.0\maven-repository\com\google\inject\guice\3.0\guice-3.0.jar;D:\apache-maven-3.6.0\maven-repository\javax\inject\javax.inject\1\javax.inject-1.jar;D:\apache-maven-3.6.0\maven-repository\aopalliance\aopalliance\1.0\aopalliance-1.0.jar;D:\apache-maven-3.6.0\maven-repository\org\apache\logging\log4j\log4j-api\2.11.1\log4j-api-2.11.1.jar;D:\apache-maven-3.6.0\maven-repository\org\apache\logging\log4j\log4j-core\2.11.1\log4j-core-2.11.1.jar;D:\apache-maven-3.6.0\maven-repository\commons-io\commons-io\2.4\commons-io-2.4.jar;D:\apache-maven-3.6.0\maven-repository\org\apache\poi\poi-ooxml\3.17\poi-ooxml-3.17.jar;D:\apache-maven-3.6.0\maven-repository\org\apache\poi\poi\3.17\poi-3.17.jar;D:\apache-maven-3.6.0\maven-repository\org\apache\commons\commons-collections4\4.1\commons-collections4-4.1.jar;D:\apache-maven-3.6.0\maven-repository\org\apache\poi\poi-ooxml-schemas\3.17\poi-ooxml-schemas-3.17.jar;D:\apache-maven-3.6.0\maven-repository\org\apache\xmlbeans\xmlbeans\2.6.0\xmlbeans-2.6.0.jar;D:\apache-maven-3.6.0\maven-repository\stax\stax-api\1.0.1\stax-api-1.0.1.jar;D:\apache-maven-3.6.0\maven-repository\com\github\virtuald\curvesapi\1.04\curvesapi-1.04.jar;"/>
    <property name="java.specification.name" value="Java Platform API Specification"/>
    <property name="java.class.version" value="52.0"/>
    <property name="sun.management.compiler" value="HotSpot 64-Bit Tiered Compilers"/>
    <property name="os.version" value="6.1"/>
    <property name="user.home" value="C:\Users\admin"/>
    <property name="user.timezone" value="Asia/Shanghai"/>
    <property name="java.awt.printerjob" value="sun.awt.windows.WPrinterJob"/>
    <property name="java.specification.version" value="1.8"/>
    <property name="file.encoding" value="UTF-8"/>
    <property name="user.name" value="admin"/>
    <property name="java.class.path" value="D:\selenium_test\baigolf\target\test-classes;D:\selenium_test\baigolf\target\classes;D:\apache-maven-3.6.0\maven-repository\org\seleniumhq\selenium\selenium-java\3.14.0\selenium-java-3.14.0.jar;D:\apache-maven-3.6.0\maven-repository\org\seleniumhq\selenium\selenium-api\3.14.0\selenium-api-3.14.0.jar;D:\apache-maven-3.6.0\maven-repository\org\seleniumhq\selenium\selenium-chrome-driver\3.14.0\selenium-chrome-driver-3.14.0.jar;D:\apache-maven-3.6.0\maven-repository\org\seleniumhq\selenium\selenium-edge-driver\3.14.0\selenium-edge-driver-3.14.0.jar;D:\apache-maven-3.6.0\maven-repository\org\seleniumhq\selenium\selenium-firefox-driver\3.14.0\selenium-firefox-driver-3.14.0.jar;D:\apache-maven-3.6.0\maven-repository\org\seleniumhq\selenium\selenium-ie-driver\3.14.0\selenium-ie-driver-3.14.0.jar;D:\apache-maven-3.6.0\maven-repository\org\seleniumhq\selenium\selenium-opera-driver\3.14.0\selenium-opera-driver-3.14.0.jar;D:\apache-maven-3.6.0\maven-repository\org\seleniumhq\selenium\selenium-remote-driver\3.14.0\selenium-remote-driver-3.14.0.jar;D:\apache-maven-3.6.0\maven-repository\org\seleniumhq\selenium\selenium-safari-driver\3.14.0\selenium-safari-driver-3.14.0.jar;D:\apache-maven-3.6.0\maven-repository\org\seleniumhq\selenium\selenium-support\3.14.0\selenium-support-3.14.0.jar;D:\apache-maven-3.6.0\maven-repository\net\bytebuddy\byte-buddy\1.8.15\byte-buddy-1.8.15.jar;D:\apache-maven-3.6.0\maven-repository\org\apache\commons\commons-exec\1.3\commons-exec-1.3.jar;D:\apache-maven-3.6.0\maven-repository\commons-codec\commons-codec\1.10\commons-codec-1.10.jar;D:\apache-maven-3.6.0\maven-repository\commons-logging\commons-logging\1.2\commons-logging-1.2.jar;D:\apache-maven-3.6.0\maven-repository\com\google\guava\guava\25.0-jre\guava-25.0-jre.jar;D:\apache-maven-3.6.0\maven-repository\com\google\code\findbugs\jsr305\1.3.9\jsr305-1.3.9.jar;D:\apache-maven-3.6.0\maven-repository\org\checkerframework\checker-compat-qual\2.0.0\checker-compat-qual-2.0.0.jar;D:\apache-maven-3.6.0\maven-repository\com\google\errorprone\error_prone_annotations\2.1.3\error_prone_annotations-2.1.3.jar;D:\apache-maven-3.6.0\maven-repository\com\google\j2objc\j2objc-annotations\1.1\j2objc-annotations-1.1.jar;D:\apache-maven-3.6.0\maven-repository\org\codehaus\mojo\animal-sniffer-annotations\1.14\animal-sniffer-annotations-1.14.jar;D:\apache-maven-3.6.0\maven-repository\org\apache\httpcomponents\httpclient\4.5.5\httpclient-4.5.5.jar;D:\apache-maven-3.6.0\maven-repository\org\apache\httpcomponents\httpcore\4.4.9\httpcore-4.4.9.jar;D:\apache-maven-3.6.0\maven-repository\com\squareup\okhttp3\okhttp\3.10.0\okhttp-3.10.0.jar;D:\apache-maven-3.6.0\maven-repository\com\squareup\okio\okio\1.14.1\okio-1.14.1.jar;D:\apache-maven-3.6.0\maven-repository\org\testng\testng\6.9.10\testng-6.9.10.jar;D:\apache-maven-3.6.0\maven-repository\com\beust\jcommander\1.48\jcommander-1.48.jar;D:\apache-maven-3.6.0\maven-repository\org\beanshell\bsh\2.0b4\bsh-2.0b4.jar;D:\apache-maven-3.6.0\maven-repository\org\uncommons\reportng\1.1.4\reportng-1.1.4.jar;D:\apache-maven-3.6.0\maven-repository\velocity\velocity\1.4\velocity-1.4.jar;D:\apache-maven-3.6.0\maven-repository\velocity\velocity-dep\1.4\velocity-dep-1.4.jar;D:\apache-maven-3.6.0\maven-repository\com\google\inject\guice\3.0\guice-3.0.jar;D:\apache-maven-3.6.0\maven-repository\javax\inject\javax.inject\1\javax.inject-1.jar;D:\apache-maven-3.6.0\maven-repository\aopalliance\aopalliance\1.0\aopalliance-1.0.jar;D:\apache-maven-3.6.0\maven-repository\org\apache\logging\log4j\log4j-api\2.11.1\log4j-api-2.11.1.jar;D:\apache-maven-3.6.0\maven-repository\org\apache\logging\log4j\log4j-core\2.11.1\log4j-core-2.11.1.jar;D:\apache-maven-3.6.0\maven-repository\commons-io\commons-io\2.4\commons-io-2.4.jar;D:\apache-maven-3.6.0\maven-repository\org\apache\poi\poi-ooxml\3.17\poi-ooxml-3.17.jar;D:\apache-maven-3.6.0\maven-repository\org\apache\poi\poi\3.17\poi-3.17.jar;D:\apache-maven-3.6.0\maven-repository\org\apache\commons\commons-collections4\4.1\commons-collections4-4.1.jar;D:\apache-maven-3.6.0\maven-repository\org\apache\poi\poi-ooxml-schemas\3.17\poi-ooxml-schemas-3.17.jar;D:\apache-maven-3.6.0\maven-repository\org\apache\xmlbeans\xmlbeans\2.6.0\xmlbeans-2.6.0.jar;D:\apache-maven-3.6.0\maven-repository\stax\stax-api\1.0.1\stax-api-1.0.1.jar;D:\apache-maven-3.6.0\maven-repository\com\github\virtuald\curvesapi\1.04\curvesapi-1.04.jar;"/>
    <property name="java.vm.specification.version" value="1.8"/>
    <property name="sun.arch.data.model" value="64"/>
    <property name="java.home" value="C:\Program Files\Java\jre1.8.0_201"/>
    <property name="sun.java.command" value="D:\selenium_test\baigolf\target\surefire\surefirebooter3548615768803608029.jar D:\selenium_test\baigolf\target\surefire\surefire6418348979326111430tmp D:\selenium_test\baigolf\target\surefire\surefire4348411197610465394tmp"/>
    <property name="java.specification.vendor" value="Oracle Corporation"/>
    <property name="user.language" value="zh"/>
    <property name="awt.toolkit" value="sun.awt.windows.WToolkit"/>
    <property name="java.vm.info" value="mixed mode"/>
    <property name="java.version" value="1.8.0_201"/>
    <property name="java.ext.dirs" value="C:\Program Files\Java\jre1.8.0_201\lib\ext;C:\Windows\Sun\Java\lib\ext"/>
    <property name="sun.boot.class.path" value="C:\Program Files\Java\jre1.8.0_201\lib\resources.jar;C:\Program Files\Java\jre1.8.0_201\lib\rt.jar;C:\Program Files\Java\jre1.8.0_201\lib\sunrsasign.jar;C:\Program Files\Java\jre1.8.0_201\lib\jsse.jar;C:\Program Files\Java\jre1.8.0_201\lib\jce.jar;C:\Program Files\Java\jre1.8.0_201\lib\charsets.jar;C:\Program Files\Java\jre1.8.0_201\lib\jfr.jar;C:\Program Files\Java\jre1.8.0_201\classes"/>
    <property name="webdriver.chrome.driver" value="d:\chromedriver.exe"/>
    <property name="java.vendor" value="Oracle Corporation"/>
    <property name="localRepository" value="D:\apache-maven-3.6.0\maven-repository"/>
    <property name="file.separator" value="\"/>
    <property name="java.vendor.url.bug" value="http://bugreport.sun.com/bugreport/"/>
    <property name="sun.cpu.endian" value="little"/>
    <property name="sun.io.unicode.encoding" value="UnicodeLittle"/>
    <property name="sun.desktop" value="windows"/>
    <property name="sun.cpu.isalist" value="amd64"/>
  </properties>
  <testcase classname="cn.baigolf.buss.LoginBuss" name="login" time="114.095"/>
  <testcase classname="cn.baigolf.buss.SearchBuss" name="search" time="44.681"/>
  <testcase classname="cn.baigolf.buss.LoginBuss" name="login" time="78.946"/>
  <testcase classname="cn.baigolf.buss.LoginBuss" name="login" time="58.018"/>
  <testcase classname="cn.baigolf.buss.LoginBuss" name="login" time="54.921"/>
  <testcase classname="cn.baigolf.buss.LoginBuss" name="login" time="55.63"/>
  <testcase classname="cn.baigolf.buss.LoginBuss" name="login" time="57.55"/>
  <testcase classname="cn.baigolf.buss.LoginBuss" name="login" time="56.191"/>
</testsuite>