<?xml version="1.0" encoding="UTF-8"?>
<!-- Generated by org.testng.reporters.JUnitReportReporter -->
<testsuite hostname="admin-PC" name="cn.baigolf.buss.SearchBuss" tests="2" failures="0" timestamp="25 Jul 2019 07:05:23 GMT" time="97.477" errors="0">
  <testcase name="search" time="50.208" classname="cn.baigolf.buss.SearchBuss"/>
  <testcase name="search" time="47.269" classname="cn.baigolf.buss.SearchBuss"/>
</testsuite> <!-- cn.baigolf.buss.SearchBuss -->
