<?xml version="1.0" encoding="UTF-8"?>
<!-- Generated by org.testng.reporters.JUnitReportReporter -->
<testsuite hostname="admin-PC" name="cn.baigolf.buss.SearchBuss" tests="1" failures="0" timestamp="22 Jul 2019 03:14:29 GMT" time="169.117" errors="0">
  <testcase name="search" time="169.117" classname="cn.baigolf.buss.SearchBuss"/>
</testsuite> <!-- cn.baigolf.buss.SearchBuss -->
