<?xml version="1.0" encoding="UTF-8"?>
<!-- Generated by org.testng.reporters.JUnitReportReporter -->
<testsuite hostname="admin-PC" name="cn.baigolf.buss.LoginBuss" tests="7" failures="0" timestamp="22 Jul 2019 03:14:29 GMT" time="507.621" errors="0">
  <testcase name="login" time="60.089" classname="cn.baigolf.buss.LoginBuss"/>
  <testcase name="login" time="62.372" classname="cn.baigolf.buss.LoginBuss"/>
  <testcase name="login" time="61.862" classname="cn.baigolf.buss.LoginBuss"/>
  <testcase name="login" time="84.727" classname="cn.baigolf.buss.LoginBuss"/>
  <testcase name="login" time="59.338" classname="cn.baigolf.buss.LoginBuss"/>
  <testcase name="login" time="60.548" classname="cn.baigolf.buss.LoginBuss"/>
  <testcase name="login" time="118.685" classname="cn.baigolf.buss.LoginBuss"/>
</testsuite> <!-- cn.baigolf.buss.LoginBuss -->
