<?xml version="1.0" encoding="UTF-8"?>
<!-- Generated by org.testng.reporters.JUnitReportReporter -->
<testsuite hostname="admin-PC" name="cn.baigolf.buss.LoginBuss" tests="7" failures="0" timestamp="25 Jul 2019 07:05:23 GMT" time="402.358" errors="0">
  <testcase name="login" time="52.453" classname="cn.baigolf.buss.LoginBuss"/>
  <testcase name="login" time="70.358" classname="cn.baigolf.buss.LoginBuss"/>
  <testcase name="login" time="57.812" classname="cn.baigolf.buss.LoginBuss"/>
  <testcase name="login" time="51.090" classname="cn.baigolf.buss.LoginBuss"/>
  <testcase name="login" time="53.420" classname="cn.baigolf.buss.LoginBuss"/>
  <testcase name="login" time="63.558" classname="cn.baigolf.buss.LoginBuss"/>
  <testcase name="login" time="53.667" classname="cn.baigolf.buss.LoginBuss"/>
</testsuite> <!-- cn.baigolf.buss.LoginBuss -->
